TN:
SF:03-errorcount.js
FN:14,errorCountTracker
FNF:1
FNH:1
FNDA:11,errorCountTracker
DA:1,1
DA:2,1
DA:3,1
DA:4,1
DA:5,1
DA:6,1
DA:7,1
DA:8,1
DA:9,1
DA:10,1
DA:11,1
DA:12,1
DA:13,1
DA:14,11
DA:15,11
DA:16,11
DA:17,11
DA:18,11
DA:19,11
DA:20,0
DA:21,0
DA:22,11
DA:23,1
DA:24,11
DA:25,11
DA:26,0
DA:27,11
DA:28,11
DA:29,11
DA:30,11
DA:31,1
DA:32,1
DA:33,1
DA:34,0
DA:35,0
DA:36,0
DA:37,0
DA:38,0
DA:39,1
DA:40,1
DA:41,1
DA:42,2
DA:43,2
DA:44,0
DA:45,0
DA:46,1
DA:47,1
DA:48,1
DA:49,1
DA:50,1
DA:51,1
DA:52,1
LF:52
LH:42
BRDA:14,0,0,11
BRDA:19,1,0,0
BRDA:23,2,0,11
BRDA:25,3,0,0
BRDA:41,4,0,2
BRDA:43,5,0,0
BRDA:48,6,0,1
BRF:7
BRH:4
end_of_record
